0 verbose cli /usr/local/Cellar/node/25.2.1/bin/node /usr/local/bin/npm
1 info using npm@11.6.2
2 info using node@v25.2.1
3 silly config load:file:/usr/local/lib/node_modules/npm/npmrc
4 silly config load:file:/Users/apple/trustdriveApp/mobile/.npmrc
5 silly config load:file:/Users/apple/.npmrc
6 silly config load:file:/Users/apple/trustdriveApp/mobile/.npm-local/etc/npmrc
7 verbose title npm install @react-navigation/native react-native-screens react-native-safe-area-context @react-navigation/native-stack
8 verbose argv "install" "@react-navigation/native" "react-native-screens" "react-native-safe-area-context" "@react-navigation/native-stack"
9 verbose logfile logs-max:10 dir:/Users/apple/trustdriveApp/mobile/.npm-cache/_logs/2026-06-03T12_25_29_389Z-
10 verbose logfile /Users/apple/trustdriveApp/mobile/.npm-cache/_logs/2026-06-03T12_25_29_389Z-debug-0.log
11 silly logfile done cleaning log files
12 silly packumentCache heap:4496293888 maxSize:1124073472 maxEntrySize:562036736
13 silly idealTree buildDeps
14 silly fetch manifest @react-navigation/native@*
15 silly packumentCache full:https://registry.npmjs.org/@react-navigation%2fnative cache-miss
16 http fetch GET 200 https://registry.npmjs.org/npm 452ms
17 http fetch GET 200 https://registry.npmjs.org/@react-navigation%2fnative 258ms (cache miss)
18 silly packumentCache full:https://registry.npmjs.org/@react-navigation%2fnative set size:undefined disposed:false
19 silly fetch manifest react@19.2.3
20 silly packumentCache full:https://registry.npmjs.org/react cache-miss
21 http fetch GET 200 https://registry.npmjs.org/react 212ms (cache miss)
22 silly packumentCache full:https://registry.npmjs.org/react set size:undefined disposed:false
23 silly fetch manifest react-native@0.85.3
24 silly packumentCache full:https://registry.npmjs.org/react-native cache-miss
25 http fetch GET 200 https://registry.npmjs.org/react-native 334ms (cache miss)
26 silly packumentCache full:https://registry.npmjs.org/react-native set size:undefined disposed:false
27 silly fetch manifest @react-native/jest-preset@0.85.3
28 silly packumentCache full:https://registry.npmjs.org/@react-native%2fjest-preset cache-miss
29 http fetch GET 200 https://registry.npmjs.org/@react-native%2fjest-preset 69ms (cache miss)
30 silly packumentCache full:https://registry.npmjs.org/@react-native%2fjest-preset set size:undefined disposed:false
31 silly fetch manifest @types/react@^19.1.1
32 silly packumentCache full:https://registry.npmjs.org/@types%2freact cache-miss
33 http fetch GET 200 https://registry.npmjs.org/@types%2freact 115ms (cache miss)
34 silly packumentCache full:https://registry.npmjs.org/@types%2freact set size:undefined disposed:false
35 silly fetch manifest react-native-screens@*
36 silly packumentCache full:https://registry.npmjs.org/react-native-screens cache-miss
37 http fetch GET 200 https://registry.npmjs.org/react-native-screens 95ms (cache miss)
38 silly packumentCache full:https://registry.npmjs.org/react-native-screens set size:undefined disposed:false
39 silly fetch manifest react-native-safe-area-context@*
40 silly packumentCache full:https://registry.npmjs.org/react-native-safe-area-context cache-miss
41 http fetch GET 200 https://registry.npmjs.org/react-native-safe-area-context 57ms (cache miss)
42 silly packumentCache full:https://registry.npmjs.org/react-native-safe-area-context set size:undefined disposed:false
43 silly fetch manifest @react-navigation/native-stack@*
44 silly packumentCache full:https://registry.npmjs.org/@react-navigation%2fnative-stack cache-miss
45 http fetch GET 200 https://registry.npmjs.org/@react-navigation%2fnative-stack 1114ms (cache miss)
46 silly packumentCache full:https://registry.npmjs.org/@react-navigation%2fnative-stack set size:undefined disposed:false
47 silly placeDep ROOT @react-navigation/native@7.2.5 OK for: mobile@1.0.0 want: *
48 silly placeDep ROOT @react-navigation/native-stack@7.16.0 OK for: mobile@1.0.0 want: *
49 silly placeDep ROOT react-native-safe-area-context@5.8.0 OK for: @react-navigation/native-stack@7.16.0 want: >= 4.0.0
50 silly placeDep ROOT react-native-screens@4.25.2 OK for: @react-navigation/native-stack@7.16.0 want: >= 4.0.0
51 silly placeDep ROOT react-native-safe-area-context@5.8.0 REPLACE for: mobile@1.0.0 want: *
52 silly placeDep ROOT react-native-screens@4.25.2 REPLACE for: mobile@1.0.0 want: *
53 silly fetch manifest @react-navigation/core@^7.17.5
54 silly packumentCache full:https://registry.npmjs.org/@react-navigation%2fcore cache-miss
55 silly fetch manifest fast-deep-equal@^3.1.3
56 silly packumentCache full:https://registry.npmjs.org/fast-deep-equal cache-miss
57 silly fetch manifest use-latest-callback@^0.2.4
58 silly packumentCache full:https://registry.npmjs.org/use-latest-callback cache-miss
59 silly fetch manifest @react-navigation/elements@^2.9.19
60 silly packumentCache full:https://registry.npmjs.org/@react-navigation%2felements cache-miss
61 silly fetch manifest color@^4.2.3
62 silly packumentCache full:https://registry.npmjs.org/color cache-miss
63 silly fetch manifest sf-symbols-typescript@^2.1.0
64 silly packumentCache full:https://registry.npmjs.org/sf-symbols-typescript cache-miss
65 silly fetch manifest warn-once@^0.1.1
66 silly packumentCache full:https://registry.npmjs.org/warn-once cache-miss
67 silly fetch manifest warn-once@^0.1.0
68 silly packumentCache full:https://registry.npmjs.org/warn-once cache-miss
69 silly fetch manifest react-freeze@^1.0.0
70 silly packumentCache full:https://registry.npmjs.org/react-freeze cache-miss
71 silly fetch manifest warn-once@^0.1.0
72 silly packumentCache full:https://registry.npmjs.org/warn-once cache-miss
73 silly fetch manifest react-freeze@^1.0.0
74 silly packumentCache full:https://registry.npmjs.org/react-freeze cache-miss
75 http fetch GET 200 https://registry.npmjs.org/fast-deep-equal 120ms (cache miss)
76 silly packumentCache full:https://registry.npmjs.org/fast-deep-equal set size:undefined disposed:false
77 http fetch GET 200 https://registry.npmjs.org/@react-navigation%2fcore 130ms (cache miss)
78 silly packumentCache full:https://registry.npmjs.org/@react-navigation%2fcore set size:undefined disposed:false
79 http fetch GET 200 https://registry.npmjs.org/use-latest-callback 189ms (cache miss)
80 silly packumentCache full:https://registry.npmjs.org/use-latest-callback set size:undefined disposed:false
81 http fetch GET 200 https://registry.npmjs.org/warn-once 585ms (cache miss)
82 silly packumentCache full:https://registry.npmjs.org/warn-once set size:undefined disposed:false
83 http fetch GET 200 https://registry.npmjs.org/react-freeze 607ms (cache miss)
84 silly packumentCache full:https://registry.npmjs.org/react-freeze set size:undefined disposed:false
85 http fetch GET 200 https://registry.npmjs.org/warn-once 671ms (cache miss)
86 silly packumentCache full:https://registry.npmjs.org/warn-once set size:undefined disposed:false
87 http fetch GET 200 https://registry.npmjs.org/warn-once 673ms (cache miss)
88 silly packumentCache full:https://registry.npmjs.org/warn-once set size:undefined disposed:false
89 http fetch GET 200 https://registry.npmjs.org/sf-symbols-typescript 674ms (cache miss)
90 silly packumentCache full:https://registry.npmjs.org/sf-symbols-typescript set size:undefined disposed:false
91 http fetch GET 200 https://registry.npmjs.org/color 686ms (cache miss)
92 silly packumentCache full:https://registry.npmjs.org/color set size:undefined disposed:false
93 http fetch GET 200 https://registry.npmjs.org/@react-navigation%2felements 844ms (cache miss)
94 silly packumentCache full:https://registry.npmjs.org/@react-navigation%2felements set size:undefined disposed:false
95 http fetch GET 200 https://registry.npmjs.org/react-freeze 1097ms (cache miss)
96 silly packumentCache full:https://registry.npmjs.org/react-freeze set size:undefined disposed:false
97 silly fetch manifest react@>= 18.2.0
98 silly packumentCache full:https://registry.npmjs.org/react cache-miss
99 http cache https://registry.npmjs.org/react 23ms (cache hit)
100 silly packumentCache full:https://registry.npmjs.org/react set size:6679468 disposed:false
101 silly placeDep ROOT @react-navigation/core@7.17.5 OK for: @react-navigation/native@7.2.5 want: ^7.17.5
102 silly placeDep ROOT fast-deep-equal@3.1.3 OK for: @react-navigation/native@7.2.5 want: ^3.1.3
103 silly placeDep ROOT use-latest-callback@0.2.6 OK for: @react-navigation/native@7.2.5 want: ^0.2.4
104 silly fetch manifest @react-navigation/routers@^7.5.5
105 silly packumentCache full:https://registry.npmjs.org/@react-navigation%2frouters cache-miss
106 silly fetch manifest query-string@^7.1.3
107 silly packumentCache full:https://registry.npmjs.org/query-string cache-miss
108 silly fetch manifest react-is@^19.1.0
109 silly packumentCache full:https://registry.npmjs.org/react-is cache-miss
110 silly fetch manifest use-sync-external-store@^1.5.0
111 silly packumentCache full:https://registry.npmjs.org/use-sync-external-store cache-miss
112 http fetch GET 200 https://registry.npmjs.org/query-string 49ms (cache miss)
113 silly packumentCache full:https://registry.npmjs.org/query-string set size:undefined disposed:false
114 http fetch GET 200 https://registry.npmjs.org/use-sync-external-store 142ms (cache miss)
115 silly packumentCache full:https://registry.npmjs.org/use-sync-external-store set size:undefined disposed:false
116 http fetch GET 200 https://registry.npmjs.org/react-is 204ms (cache miss)
117 silly packumentCache full:https://registry.npmjs.org/react-is set size:undefined disposed:false
118 http fetch GET 200 https://registry.npmjs.org/@react-navigation%2frouters 332ms (cache miss)
119 silly packumentCache full:https://registry.npmjs.org/@react-navigation%2frouters set size:undefined disposed:false
120 silly placeDep ROOT @react-navigation/routers@7.5.5 OK for: @react-navigation/core@7.17.5 want: ^7.5.5
121 silly placeDep ROOT query-string@7.1.3 OK for: @react-navigation/core@7.17.5 want: ^7.1.3
122 silly placeDep node_modules/@react-navigation/core react-is@19.2.7 OK for: @react-navigation/core@7.17.5 want: ^19.1.0
123 silly placeDep ROOT use-sync-external-store@1.6.0 OK for: @react-navigation/core@7.17.5 want: ^1.5.0
124 silly fetch manifest filter-obj@^1.1.0
125 silly packumentCache full:https://registry.npmjs.org/filter-obj cache-miss
126 silly fetch manifest split-on-first@^1.0.0
127 silly packumentCache full:https://registry.npmjs.org/split-on-first cache-miss
128 silly fetch manifest strict-uri-encode@^2.0.0
129 silly packumentCache full:https://registry.npmjs.org/strict-uri-encode cache-miss
130 silly fetch manifest decode-uri-component@^0.2.2
131 silly packumentCache full:https://registry.npmjs.org/decode-uri-component cache-miss
132 http fetch GET 200 https://registry.npmjs.org/filter-obj 34ms (cache miss)
133 silly packumentCache full:https://registry.npmjs.org/filter-obj set size:undefined disposed:false
134 http fetch GET 200 https://registry.npmjs.org/strict-uri-encode 35ms (cache miss)
135 silly packumentCache full:https://registry.npmjs.org/strict-uri-encode set size:undefined disposed:false
136 http fetch GET 200 https://registry.npmjs.org/split-on-first 37ms (cache miss)
137 silly packumentCache full:https://registry.npmjs.org/split-on-first set size:undefined disposed:false
138 http fetch GET 200 https://registry.npmjs.org/decode-uri-component 43ms (cache miss)
139 silly packumentCache full:https://registry.npmjs.org/decode-uri-component set size:undefined disposed:false
140 silly fetch manifest @react-native-masked-view/masked-view@>= 0.2.0
141 silly packumentCache full:https://registry.npmjs.org/@react-native-masked-view%2fmasked-view cache-miss
142 http fetch GET 200 https://registry.npmjs.org/@react-native-masked-view%2fmasked-view 328ms (cache miss)
143 silly packumentCache full:https://registry.npmjs.org/@react-native-masked-view%2fmasked-view set size:undefined disposed:false
144 silly fetch manifest react-native@*
145 silly packumentCache full:https://registry.npmjs.org/react-native cache-miss
146 http cache https://registry.npmjs.org/react-native 37ms (cache hit)
147 silly packumentCache full:https://registry.npmjs.org/react-native set size:15322758 disposed:false
148 silly fetch manifest @react-navigation/native@^7.2.5
149 silly packumentCache full:https://registry.npmjs.org/@react-navigation%2fnative cache-miss
150 http cache https://registry.npmjs.org/@react-navigation%2fnative 8ms (cache hit)
151 silly packumentCache full:https://registry.npmjs.org/@react-navigation%2fnative set size:1122567 disposed:false
152 silly fetch manifest react-native-safe-area-context@>= 4.0.0
153 silly packumentCache full:https://registry.npmjs.org/react-native-safe-area-context cache-miss
154 http cache https://registry.npmjs.org/react-native-safe-area-context 8ms (cache hit)
155 silly packumentCache full:https://registry.npmjs.org/react-native-safe-area-context set size:667318 disposed:false
156 silly placeDep ROOT @react-navigation/elements@2.9.19 OK for: @react-navigation/native-stack@7.16.0 want: ^2.9.19
157 silly placeDep ROOT color@4.2.3 OK for: @react-navigation/native-stack@7.16.0 want: ^4.2.3
158 silly placeDep ROOT sf-symbols-typescript@2.2.0 OK for: @react-navigation/native-stack@7.16.0 want: ^2.1.0
159 silly placeDep ROOT warn-once@0.1.1 OK for: @react-navigation/native-stack@7.16.0 want: ^0.1.1
160 silly fetch manifest color-string@^1.9.0
161 silly packumentCache full:https://registry.npmjs.org/color-string cache-miss
162 http fetch GET 200 https://registry.npmjs.org/color-string 40ms (cache miss)
163 silly packumentCache full:https://registry.npmjs.org/color-string set size:undefined disposed:false
164 silly placeDep ROOT color-string@1.9.1 OK for: color@4.2.3 want: ^1.9.0
165 silly fetch manifest simple-swizzle@^0.2.2
166 silly packumentCache full:https://registry.npmjs.org/simple-swizzle cache-miss
167 http fetch GET 200 https://registry.npmjs.org/simple-swizzle 41ms (cache miss)
168 silly packumentCache full:https://registry.npmjs.org/simple-swizzle set size:undefined disposed:false
169 silly placeDep ROOT simple-swizzle@0.2.4 OK for: color-string@1.9.1 want: ^0.2.2
170 silly fetch manifest is-arrayish@^0.3.1
171 silly packumentCache full:https://registry.npmjs.org/is-arrayish cache-miss
172 http fetch GET 200 https://registry.npmjs.org/is-arrayish 41ms (cache miss)
173 silly packumentCache full:https://registry.npmjs.org/is-arrayish set size:undefined disposed:false
174 silly placeDep ROOT decode-uri-component@0.2.2 OK for: query-string@7.1.3 want: ^0.2.2
175 silly placeDep ROOT filter-obj@1.1.0 OK for: query-string@7.1.3 want: ^1.1.0
176 silly placeDep ROOT split-on-first@1.1.0 OK for: query-string@7.1.3 want: ^1.0.0
177 silly placeDep ROOT strict-uri-encode@2.0.0 OK for: query-string@7.1.3 want: ^2.0.0
178 silly fetch manifest react@*
179 silly packumentCache full:https://registry.npmjs.org/react cache-miss
180 http cache https://registry.npmjs.org/react 17ms (cache hit)
181 silly packumentCache full:https://registry.npmjs.org/react set size:6679468 disposed:false
182 silly placeDep ROOT react-freeze@1.0.4 OK for: react-native-screens@4.25.2 want: ^1.0.0
183 silly placeDep ROOT is-arrayish@0.3.4 OK for: simple-swizzle@0.2.4 want: ^0.3.1
184 silly reify moves {}
185 silly audit bulk request {
185 silly audit   '@babel/code-frame': [ '7.29.7' ],
185 silly audit   '@babel/compat-data': [ '7.29.7' ],
185 silly audit   '@babel/core': [ '7.29.7' ],
185 silly audit   semver: [ '6.3.1', '7.8.1' ],
185 silly audit   '@babel/generator': [ '7.29.7' ],
185 silly audit   '@babel/helper-annotate-as-pure': [ '7.29.7' ],
185 silly audit   '@babel/helper-compilation-targets': [ '7.29.7' ],
185 silly audit   '@babel/helper-create-class-features-plugin': [ '7.29.7' ],
185 silly audit   '@babel/helper-create-regexp-features-plugin': [ '7.29.7' ],
185 silly audit   '@babel/helper-define-polyfill-provider': [ '0.6.8' ],
185 silly audit   '@babel/helper-globals': [ '7.29.7' ],
185 silly audit   '@babel/helper-member-expression-to-functions': [ '7.29.7' ],
185 silly audit   '@babel/helper-module-imports': [ '7.29.7' ],
185 silly audit   '@babel/helper-module-transforms': [ '7.29.7' ],
185 silly audit   '@babel/helper-optimise-call-expression': [ '7.29.7' ],
185 silly audit   '@babel/helper-plugin-utils': [ '7.29.7' ],
185 silly audit   '@babel/helper-remap-async-to-generator': [ '7.29.7' ],
185 silly audit   '@babel/helper-replace-supers': [ '7.29.7' ],
185 silly audit   '@babel/helper-skip-transparent-expression-wrappers': [ '7.29.7' ],
185 silly audit   '@babel/helper-string-parser': [ '7.29.7' ],
185 silly audit   '@babel/helper-validator-identifier': [ '7.29.7' ],
185 silly audit   '@babel/helper-validator-option': [ '7.29.7' ],
185 silly audit   '@babel/helper-wrap-function': [ '7.29.7' ],
185 silly audit   '@babel/helpers': [ '7.29.7' ],
185 silly audit   '@babel/parser': [ '7.29.7' ],
185 silly audit   '@babel/plugin-proposal-decorators': [ '7.29.7' ],
185 silly audit   '@babel/plugin-proposal-export-default-from': [ '7.29.7' ],
185 silly audit   '@babel/plugin-syntax-decorators': [ '7.29.7' ],
185 silly audit   '@babel/plugin-syntax-dynamic-import': [ '7.8.3' ],
185 silly audit   '@babel/plugin-syntax-export-default-from': [ '7.29.7' ],
185 silly audit   '@babel/plugin-syntax-flow': [ '7.29.7' ],
185 silly audit   '@babel/plugin-syntax-jsx': [ '7.29.7' ],
185 silly audit   '@babel/plugin-syntax-nullish-coalescing-operator': [ '7.8.3' ],
185 silly audit   '@babel/plugin-syntax-optional-chaining': [ '7.8.3' ],
185 silly audit   '@babel/plugin-syntax-typescript': [ '7.29.7' ],
185 silly audit   '@babel/plugin-transform-async-generator-functions': [ '7.29.7' ],
185 silly audit   '@babel/plugin-transform-async-to-generator': [ '7.29.7' ],
185 silly audit   '@babel/plugin-transform-block-scoping': [ '7.29.7' ],
185 silly audit   '@babel/plugin-transform-class-properties': [ '7.29.7' ],
185 silly audit   '@babel/plugin-transform-class-static-block': [ '7.29.7' ],
185 silly audit   '@babel/plugin-transform-classes': [ '7.29.7' ],
185 silly audit   '@babel/plugin-transform-destructuring': [ '7.29.7' ],
185 silly audit   '@babel/plugin-transform-export-namespace-from': [ '7.29.7' ],
185 silly audit   '@babel/plugin-transform-flow-strip-types': [ '7.29.7' ],
185 silly audit   '@babel/plugin-transform-for-of': [ '7.29.7' ],
185 silly audit   '@babel/plugin-transform-logical-assignment-operators': [ '7.29.7' ],
185 silly audit   '@babel/plugin-transform-modules-commonjs': [ '7.29.7' ],
185 silly audit   '@babel/plugin-transform-named-capturing-groups-regex': [ '7.29.7' ],
185 silly audit   '@babel/plugin-transform-nullish-coalescing-operator': [ '7.29.7' ],
185 silly audit   '@babel/plugin-transform-object-rest-spread': [ '7.29.7' ],
185 silly audit   '@babel/plugin-transform-optional-catch-binding': [ '7.29.7' ],
185 silly audit   '@babel/plugin-transform-optional-chaining': [ '7.29.7' ],
185 silly audit   '@babel/plugin-transform-parameters': [ '7.29.7' ],
185 silly audit   '@babel/plugin-transform-private-methods': [ '7.29.7' ],
185 silly audit   '@babel/plugin-transform-private-property-in-object': [ '7.29.7' ],
185 silly audit   '@babel/plugin-transform-react-display-name': [ '7.29.7' ],
185 silly audit   '@babel/plugin-transform-react-jsx': [ '7.29.7' ],
185 silly audit   '@babel/plugin-transform-react-jsx-development': [ '7.29.7' ],
185 silly audit   '@babel/plugin-transform-react-pure-annotations': [ '7.29.7' ],
185 silly audit   '@babel/plugin-transform-runtime': [ '7.29.7' ],
185 silly audit   '@babel/plugin-transform-typescript': [ '7.29.7' ],
185 silly audit   '@babel/plugin-transform-unicode-regex': [ '7.29.7' ],
185 silly audit   '@babel/preset-typescript': [ '7.29.7' ],
185 silly audit   '@babel/runtime': [ '7.29.7' ],
185 silly audit   '@babel/template': [ '7.29.7' ],
185 silly audit   '@babel/traverse': [ '7.29.7' ],
185 silly audit   '@babel/types': [ '7.29.7' ],
185 silly audit   '@expo/code-signing-certificates': [ '0.0.6' ],
185 silly audit   '@expo/config': [ '56.0.9' ],
185 silly audit   '@expo/config-plugins': [ '56.0.8' ],
185 silly audit   '@expo/config-types': [ '56.0.5' ],
185 silly audit   '@expo/devcert': [ '1.2.1' ],
185 silly audit   debug: [ '3.2.7', '2.6.9', '4.4.3' ],
185 silly audit   '@expo/devtools': [ '56.0.2' ],
185 silly audit   '@expo/env': [ '2.3.0' ],
185 silly audit   '@expo/expo-modules-macros-plugin': [ '0.0.9' ],
185 silly audit   '@expo/fingerprint': [ '0.19.3' ],
185 silly audit   '@expo/image-utils': [ '0.10.1' ],
185 silly audit   '@expo/inline-modules': [ '0.0.10' ],
185 silly audit   '@expo/json-file': [ '10.2.0' ],
185 silly audit   '@expo/local-build-cache-provider': [ '56.0.8' ],
185 silly audit   '@expo/metro': [ '56.0.0' ],
185 silly audit   '@expo/metro-file-map': [ '56.0.3' ],
185 silly audit   '@expo/osascript': [ '2.6.0' ],
185 silly audit   '@expo/package-manager': [ '1.12.1' ],
185 silly audit   '@expo/plist': [ '0.7.0' ],
185 silly audit   '@expo/prebuild-config': [ '56.0.14' ],
185 silly audit   '@expo/require-utils': [ '56.1.3' ],
185 silly audit   '@expo/schema-utils': [ '56.0.1' ],
185 silly audit   '@expo/sdk-runtime-versions': [ '1.0.0' ],
185 silly audit   '@expo/spawn-async': [ '1.8.0' ],
185 silly audit   '@expo/sudo-prompt': [ '9.3.2' ],
185 silly audit   '@expo/ws-tunnel': [ '1.0.6' ],
185 silly audit   '@expo/xcpretty': [ '4.4.4' ],
185 silly audit   '@isaacs/ttlcache': [ '1.4.1' ],
185 silly audit   '@jest/schemas': [ '29.6.3' ],
185 silly audit   '@jest/types': [ '29.6.3' ],
185 silly audit   '@jridgewell/gen-mapping': [ '0.3.13' ],
185 silly audit   '@jridgewell/remapping': [ '2.3.5' ],
185 silly audit   '@jridgewell/resolve-uri': [ '3.1.2' ],
185 silly audit   '@jridgewell/source-map': [ '0.3.11' ],
185 silly audit   '@jridgewell/sourcemap-codec': [ '1.5.5' ],
185 silly audit   '@jridgewell/trace-mapping': [ '0.3.31' ],
185 silly audit   '@msgpackr-extract/msgpackr-extract-darwin-arm64': [ '3.0.4' ],
185 silly audit   '@msgpackr-extract/msgpackr-extract-darwin-x64': [ '3.0.4' ],
185 silly audit   '@msgpackr-extract/msgpackr-extract-linux-arm': [ '3.0.4' ],
185 silly audit   '@msgpackr-extract/msgpackr-extract-linux-arm64': [ '3.0.4' ],
185 silly audit   '@msgpackr-extract/msgpackr-extract-linux-x64': [ '3.0.4' ],
185 silly audit   '@msgpackr-extract/msgpackr-extract-win32-x64': [ '3.0.4' ],
185 silly audit   '@react-native/assets-registry': [ '0.85.3' ],
185 silly audit   '@react-native/babel-plugin-codegen': [ '0.85.3' ],
185 silly audit   '@react-native/codegen': [ '0.85.3' ],
185 silly audit   'hermes-estree': [ '0.33.3', '0.35.0' ],
185 silly audit   'hermes-parser': [ '0.33.3', '0.35.0' ],
185 silly audit   '@react-native/community-cli-plugin': [ '0.85.3' ],
185 silly audit   '@react-native/debugger-frontend': [ '0.85.3' ],
185 silly audit   '@react-native/debugger-shell': [ '0.85.3' ],
185 silly audit   '@react-native/dev-middleware': [ '0.85.3' ],
185 silly audit   '@react-native/gradle-plugin': [ '0.85.3' ],
185 silly audit   '@react-native/js-polyfills': [ '0.85.3' ],
185 silly audit   '@react-native/normalize-colors': [ '0.85.3' ],
185 silly audit   '@react-native/virtualized-lists': [ '0.85.3' ],
185 silly audit   '@sinclair/typebox': [ '0.27.10' ],
185 silly audit   '@types/istanbul-lib-coverage': [ '2.0.6' ],
185 silly audit   '@types/istanbul-lib-report': [ '3.0.3' ],
185 silly audit   '@types/istanbul-reports': [ '3.0.4' ],
185 silly audit   '@types/node': [ '25.9.1' ],
185 silly audit   '@types/yargs': [ '17.0.35' ],
185 silly audit   '@types/yargs-parser': [ '21.0.3' ],
185 silly audit   '@ungap/structured-clone': [ '1.3.1' ],
185 silly audit   '@xmldom/xmldom': [ '0.8.13', '0.9.10' ],
185 silly audit   'abort-controller': [ '3.0.0' ],
185 silly audit   accepts: [ '2.0.0', '1.3.8' ],
185 silly audit   acorn: [ '8.16.0' ],
185 silly audit   'agent-base': [ '7.1.4' ],
185 silly audit   anser: [ '1.4.10' ],
185 silly audit   'ansi-escapes': [ '4.3.2' ],
185 silly audit   'type-fest': [ '0.21.3', '0.7.1' ],
185 silly audit   'ansi-regex': [ '5.0.1', '4.1.1' ],
185 silly audit   'ansi-styles': [ '4.3.0', '3.2.1', '5.2.0' ],
185 silly audit   arg: [ '5.0.2' ],
185 silly audit   argparse: [ '2.0.1' ],
185 silly audit   asap: [ '2.0.6' ],
185 silly audit   'babel-plugin-polyfill-corejs2': [ '0.4.17' ],
185 silly audit   'babel-plugin-polyfill-corejs3': [ '0.13.0' ],
185 silly audit   'babel-plugin-polyfill-regenerator': [ '0.6.8' ],
185 silly audit   'babel-plugin-react-compiler': [ '1.0.0' ],
185 silly audit   'babel-plugin-react-native-web': [ '0.21.2' ],
185 silly audit   'babel-plugin-syntax-hermes-parser': [ '0.33.3' ],
185 silly audit   'babel-plugin-transform-flow-enums': [ '0.0.2' ],
185 silly audit   'balanced-match': [ '4.0.4' ],
185 silly audit   'base64-js': [ '1.5.1' ],
185 silly audit   'baseline-browser-mapping': [ '2.10.33' ],
185 silly audit   'big-integer': [ '1.6.52' ],
185 silly audit   'bplist-creator': [ '0.1.0' ],
185 silly audit   'bplist-parser': [ '0.3.1' ],
185 silly audit   'brace-expansion': [ '5.0.6' ],
185 silly audit   braces: [ '3.0.3' ],
185 silly audit   browserslist: [ '4.28.2' ],
185 silly audit   bser: [ '2.1.1' ],
185 silly audit   'buffer-from': [ '1.1.2' ],
185 silly audit   bytes: [ '3.1.2' ],
185 silly audit   camelcase: [ '6.3.0' ],
185 silly audit   'caniuse-lite': [ '1.0.30001793' ],
185 silly audit   chalk: [ '4.1.2', '2.4.2' ],
185 silly audit   'chrome-launcher': [ '0.15.2' ],
185 silly audit   'chromium-edge-launcher': [ '0.3.0' ],
185 silly audit   'ci-info': [ '2.0.0', '3.9.0' ],
185 silly audit   'cli-cursor': [ '2.1.0' ],
185 silly audit   'cli-spinners': [ '2.9.2' ],
185 silly audit   cliui: [ '8.0.1' ],
185 silly audit   clone: [ '1.0.4' ],
185 silly audit   'color-convert': [ '2.0.1', '1.9.3' ],
185 silly audit   'color-name': [ '1.1.4', '1.1.3' ],
185 silly audit   commander: [ '7.2.0', '12.1.0', '2.20.3' ],
185 silly audit   compressible: [ '2.0.18' ],
185 silly audit   compression: [ '1.8.1' ],
185 silly audit   ms: [ '2.0.0', '2.1.3' ],
185 silly audit   negotiator: [ '0.6.4', '0.6.3', '1.0.0' ],
185 silly audit   connect: [ '3.7.0' ],
185 silly audit   'convert-source-map': [ '2.0.0' ],
185 silly audit   'core-js-compat': [ '3.49.0' ],
185 silly audit   'cross-spawn': [ '7.0.6' ],
185 silly audit   deepmerge: [ '4.3.1' ],
185 silly audit   defaults: [ '1.0.4' ],
185 silly audit   depd: [ '2.0.0' ],
185 silly audit   destroy: [ '1.2.0' ],
185 silly audit   'detect-libc': [ '2.1.2' ],
185 silly audit   'dnssd-advertise': [ '1.1.4' ],
185 silly audit   'ee-first': [ '1.1.1' ],
185 silly audit   'electron-to-chromium': [ '1.5.366' ],
185 silly audit   'emoji-regex': [ '8.0.0' ],
185 silly audit   encodeurl: [ '1.0.2', '2.0.0' ],
185 silly audit   'error-stack-parser': [ '2.1.4' ],
185 silly audit   'es-errors': [ '1.3.0' ],
185 silly audit   escalade: [ '3.2.0' ],
185 silly audit   'escape-html': [ '1.0.3' ],
185 silly audit   'escape-string-regexp': [ '4.0.0', '1.0.5' ],
185 silly audit   etag: [ '1.8.1' ],
185 silly audit   'event-target-shim': [ '5.0.1' ],
185 silly audit   expo: [ '56.0.8' ],
185 silly audit   'expo-modules-autolinking': [ '56.0.14' ],
185 silly audit   'expo-modules-core': [ '56.0.14' ],
185 silly audit   'expo-modules-jsi': [ '56.0.7' ],
185 silly audit   'expo-server': [ '56.0.4' ],
185 silly audit   'expo-status-bar': [ '56.0.4' ],
185 silly audit   '@expo/cli': [ '56.1.13' ],
185 silly audit   '@expo/router-server': [ '56.0.12' ],
185 silly audit   '@expo/dom-webview': [ '56.0.5' ],
185 silly audit   '@expo/log-box': [ '56.0.12' ],
185 silly audit   '@expo/metro-config': [ '56.0.13' ],
185 silly audit   'babel-preset-expo': [ '56.0.14' ],
185 silly audit   'expo-asset': [ '56.0.15' ],
185 silly audit   'expo-constants': [ '56.0.16' ],
185 silly audit   'expo-file-system': [ '56.0.7' ],
185 silly audit   'expo-font': [ '56.0.5' ],
185 silly audit   'expo-keep-awake': [ '56.0.3' ],
185 silly audit   'mime-db': [ '1.52.0', '1.54.0' ],
185 silly audit   'mime-types': [ '2.1.35', '3.0.2' ],
185 silly audit   picomatch: [ '4.0.4', '2.3.2' ],
185 silly audit   ws: [ '8.21.0', '7.5.11' ],
185 silly audit   'exponential-backoff': [ '3.1.3' ],
185 silly audit   'fb-dotslash': [ '0.5.8' ],
185 silly audit   'fb-watchman': [ '2.0.2' ],
185 silly audit   'fetch-nodeshim': [ '0.4.10' ],
185 silly audit   'fill-range': [ '7.1.1' ],
185 silly audit   finalhandler: [ '1.1.2' ],
185 silly audit   'flow-enums-runtime': [ '0.0.6' ],
185 silly audit   fontfaceobserver: [ '2.3.0' ],
185 silly audit   fresh: [ '0.5.2' ],
185 silly audit   'function-bind': [ '1.1.2' ],
185 silly audit   gensync: [ '1.0.0-beta.2' ],
185 silly audit   'get-caller-file': [ '2.0.5' ],
185 silly audit   getenv: [ '2.0.0' ],
185 silly audit   glob: [ '13.0.6' ],
185 silly audit   'graceful-fs': [ '4.2.11' ],
185 silly audit   'has-flag': [ '4.0.0', '3.0.0' ],
185 silly audit   hasown: [ '2.0.4' ],
185 silly audit   'hermes-compiler': [ '250829098.0.10' ],
185 silly audit   'hosted-git-info': [ '7.0.2' ],
185 silly audit   'lru-cache': [ '10.4.3', '5.1.1', '11.5.1' ],
185 silly audit   'http-errors': [ '2.0.1' ],
185 silly audit   statuses: [ '2.0.2', '1.5.0' ],
185 silly audit   'https-proxy-agent': [ '7.0.6' ],
185 silly audit   ignore: [ '5.3.2' ],
185 silly audit   'image-size': [ '1.2.1' ],
185 silly audit   inherits: [ '2.0.4' ],
185 silly audit   invariant: [ '2.2.4' ],
185 silly audit   'is-core-module': [ '2.16.2' ],
185 silly audit   'is-docker': [ '2.2.1' ],
185 silly audit   'is-fullwidth-code-point': [ '3.0.0' ],
185 silly audit   'is-number': [ '7.0.0' ],
185 silly audit   'is-wsl': [ '2.2.0' ],
185 silly audit   isexe: [ '2.0.0' ],
185 silly audit   'jest-get-type': [ '29.6.3' ],
185 silly audit   'jest-util': [ '29.7.0' ],
185 silly audit   'jest-validate': [ '29.7.0' ],
185 silly audit   'jest-worker': [ '29.7.0' ],
185 silly audit   'supports-color': [ '8.1.1', '5.5.0', '7.2.0' ],
185 silly audit   'jimp-compact': [ '0.16.1' ],
185 silly audit   'js-tokens': [ '4.0.0' ],
185 silly audit   'js-yaml': [ '4.2.0' ],
185 silly audit   'jsc-safe-url': [ '0.2.4' ],
185 silly audit   jsesc: [ '3.1.0' ],
185 silly audit   json5: [ '2.2.3' ],
185 silly audit   kleur: [ '3.0.3' ],
185 silly audit   'lan-network': [ '0.2.1' ],
185 silly audit   leven: [ '3.1.0' ],
185 silly audit   'lighthouse-logger': [ '1.4.2' ],
185 silly audit   lightningcss: [ '1.32.0' ],
185 silly audit   'lightningcss-android-arm64': [ '1.32.0' ],
185 silly audit   'lightningcss-darwin-arm64': [ '1.32.0' ],
185 silly audit   'lightningcss-darwin-x64': [ '1.32.0' ],
185 silly audit   'lightningcss-freebsd-x64': [ '1.32.0' ],
185 silly audit   'lightningcss-linux-arm-gnueabihf': [ '1.32.0' ],
185 silly audit   'lightningcss-linux-arm64-gnu': [ '1.32.0' ],
185 silly audit   'lightningcss-linux-arm64-musl': [ '1.32.0' ],
185 silly audit   'lightningcss-linux-x64-gnu': [ '1.32.0' ],
185 silly audit   'lightningcss-linux-x64-musl': [ '1.32.0' ],
185 silly audit   'lightningcss-win32-arm64-msvc': [ '1.32.0' ],
185 silly audit   'lightningcss-win32-x64-msvc': [ '1.32.0' ],
185 silly audit   'lodash.debounce': [ '4.0.8' ],
185 silly audit   'lodash.throttle': [ '4.1.1' ],
185 silly audit   'log-symbols': [ '2.2.0' ],
185 silly audit   'loose-envify': [ '1.4.0' ],
185 silly audit   makeerror: [ '1.0.12' ],
185 silly audit   marky: [ '1.3.0' ],
185 silly audit   'memoize-one': [ '5.2.1' ],
185 silly audit   'merge-stream': [ '2.0.0' ],
185 silly audit   metro: [ '0.84.4' ],
185 silly audit   'metro-babel-transformer': [ '0.84.4' ],
185 silly audit   'metro-cache': [ '0.84.4' ],
185 silly audit   'metro-cache-key': [ '0.84.4' ],
185 silly audit   'metro-config': [ '0.84.4' ],
185 silly audit   'metro-core': [ '0.84.4' ],
185 silly audit   'metro-file-map': [ '0.84.4' ],
185 silly audit   'metro-minify-terser': [ '0.84.4' ],
185 silly audit   'metro-resolver': [ '0.84.4' ],
185 silly audit   'metro-runtime': [ '0.84.4' ],
185 silly audit   'metro-source-map': [ '0.84.4' ],
185 silly audit   'metro-symbolicate': [ '0.84.4' ],
185 silly audit   'metro-transform-plugins': [ '0.84.4' ],
185 silly audit   'metro-transform-worker': [ '0.84.4' ],
185 silly audit   micromatch: [ '4.0.8' ],
185 silly audit   mime: [ '1.6.0' ],
185 silly audit   'mimic-fn': [ '1.2.0' ],
185 silly audit   minimatch: [ '10.2.5' ],
185 silly audit   minipass: [ '7.1.3' ],
185 silly audit   mkdirp: [ '1.0.4' ],
185 silly audit   msgpackr: [ '2.0.2' ],
185 silly audit   'msgpackr-extract': [ '3.0.4' ],
185 silly audit   multitars: [ '1.0.0' ],
185 silly audit   nanoid: [ '3.3.12' ],
185 silly audit   'node-forge': [ '1.4.0' ],
185 silly audit   'node-gyp-build-optional-packages': [ '5.2.2' ],
185 silly audit   'node-int64': [ '0.4.0' ],
185 silly audit   'node-releases': [ '2.0.47' ],
185 silly audit   'npm-package-arg': [ '11.0.3' ],
185 silly audit   nullthrows: [ '1.1.1' ],
185 silly audit   ob1: [ '0.84.4' ],
185 silly audit   'on-finished': [ '2.3.0', '2.4.1' ],
185 silly audit   'on-headers': [ '1.1.0' ],
185 silly audit   onetime: [ '2.0.1' ],
185 silly audit   open: [ '7.4.2' ],
185 silly audit   ora: [ '3.4.0' ],
185 silly audit   'strip-ansi': [ '5.2.0', '6.0.1' ],
185 silly audit   'parse-png': [ '2.1.0' ],
185 silly audit   parseurl: [ '1.3.3' ],
185 silly audit   'path-key': [ '3.1.1' ],
185 silly audit   'path-parse': [ '1.0.7' ],
185 silly audit   'path-scurry': [ '2.0.2' ],
185 silly audit   picocolors: [ '1.1.1' ],
185 silly audit   plist: [ '3.1.1' ],
185 silly audit   pngjs: [ '3.4.0' ],
185 silly audit   postcss: [ '8.5.15' ],
185 silly audit   'pretty-format': [ '29.7.0' ],
185 silly audit   'proc-log': [ '4.2.0' ],
185 silly audit   progress: [ '2.0.3' ],
185 silly audit   promise: [ '8.3.0' ],
185 silly audit   prompts: [ '2.4.2' ],
185 silly audit   queue: [ '6.0.2' ],
185 silly audit   'range-parser': [ '1.2.1' ],
185 silly audit   react: [ '19.2.3' ],
185 silly audit   'react-devtools-core': [ '6.1.5' ],
185 silly audit   'react-is': [ '18.3.1', '19.2.7' ],
185 silly audit   'react-native': [ '0.85.3' ],
185 silly audit   'react-refresh': [ '0.14.2' ],
185 silly audit   regenerate: [ '1.4.2' ],
185 silly audit   'regenerate-unicode-properties': [ '10.2.2' ],
185 silly audit   'regenerator-runtime': [ '0.13.11' ],
185 silly audit   'regexpu-core': [ '6.4.0' ],
185 silly audit   regjsgen: [ '0.8.0' ],
185 silly audit   regjsparser: [ '0.13.1' ],
185 silly audit   'require-directory': [ '2.1.1' ],
185 silly audit   resolve: [ '1.22.12' ],
185 silly audit   'resolve-from': [ '5.0.0' ],
185 silly audit   'resolve-workspace-root': [ '2.0.1' ],
185 silly audit   'restore-cursor': [ '2.0.0' ],
185 silly audit   'safe-buffer': [ '5.2.1' ],
185 silly audit   sax: [ '1.6.0' ],
185 silly audit   scheduler: [ '0.27.0' ],
185 silly audit   send: [ '0.19.2' ],
185 silly audit   'serialize-error': [ '2.1.0' ],
185 silly audit   'serve-static': [ '1.16.3' ],
185 silly audit   setprototypeof: [ '1.2.0' ],
185 silly audit   'shebang-command': [ '2.0.0' ],
185 silly audit   'shebang-regex': [ '3.0.0' ],
185 silly audit   'shell-quote': [ '1.8.4' ],
185 silly audit   'signal-exit': [ '3.0.7' ],
185 silly audit   'simple-plist': [ '1.3.1' ],
185 silly audit   sisteransi: [ '1.0.5' ],
185 silly audit   slugify: [ '1.6.9' ],
185 silly audit   'source-map': [ '0.5.7', '0.6.1' ],
185 silly audit   'source-map-js': [ '1.2.1' ],
185 silly audit   'source-map-support': [ '0.5.21' ],
185 silly audit   stackframe: [ '1.3.4' ],
185 silly audit   'stacktrace-parser': [ '0.1.11' ],
185 silly audit   'stream-buffers': [ '2.2.0' ],
185 silly audit   'string-width': [ '4.2.3' ],
185 silly audit   'structured-headers': [ '0.4.1' ],
185 silly audit   'supports-hyperlinks': [ '2.3.0' ],
185 silly audit   'supports-preserve-symlinks-flag': [ '1.0.0' ],
185 silly audit   'terminal-link': [ '2.1.1' ],
185 silly audit   terser: [ '5.48.0' ],
185 silly audit   throat: [ '5.0.0' ],
185 silly audit   tinyglobby: [ '0.2.17' ],
185 silly audit   fdir: [ '6.5.0' ],
185 silly audit   tmpl: [ '1.0.5' ],
185 silly audit   'to-regex-range': [ '5.0.1' ],
185 silly audit   toidentifier: [ '1.0.1' ],
185 silly audit   toqr: [ '0.1.1' ],
185 silly audit   'undici-types': [ '7.24.6' ],
185 silly audit   'unicode-canonical-property-names-ecmascript': [ '2.0.1' ],
185 silly audit   'unicode-match-property-ecmascript': [ '2.0.0' ],
185 silly audit   'unicode-match-property-value-ecmascript': [ '2.2.1' ],
185 silly audit   'unicode-property-aliases-ecmascript': [ '2.2.0' ],
185 silly audit   unpipe: [ '1.0.0' ],
185 silly audit   'update-browserslist-db': [ '1.2.3' ],
185 silly audit   'utils-merge': [ '1.0.1' ],
185 silly audit   uuid: [ '7.0.3' ],
185 silly audit   'validate-npm-package-name': [ '5.0.1' ],
185 silly audit   vary: [ '1.1.2' ],
185 silly audit   vlq: [ '1.0.1' ],
185 silly audit   walker: [ '1.0.8' ],
185 silly audit   wcwidth: [ '1.0.1' ],
185 silly audit   'whatwg-fetch': [ '3.6.20' ],
185 silly audit   'whatwg-url-minimum': [ '0.1.2' ],
185 silly audit   which: [ '2.0.2' ],
185 silly audit   'wrap-ansi': [ '7.0.0' ],
185 silly audit   xcode: [ '3.0.1' ],
185 silly audit   xml2js: [ '0.6.0' ],
185 silly audit   xmlbuilder: [ '11.0.1', '15.1.1' ],
185 silly audit   y18n: [ '5.0.8' ],
185 silly audit   yallist: [ '3.1.1' ],
185 silly audit   yaml: [ '2.9.0' ],
185 silly audit   yargs: [ '17.7.2' ],
185 silly audit   'yargs-parser': [ '21.1.1' ],
185 silly audit   zod: [ '3.25.76' ],
185 silly audit   '@react-navigation/native': [ '7.2.5' ],
185 silly audit   '@react-navigation/native-stack': [ '7.16.0' ],
185 silly audit   'react-native-safe-area-context': [ '5.8.0' ],
185 silly audit   'react-native-screens': [ '4.25.2' ],
185 silly audit   '@react-navigation/core': [ '7.17.5' ],
185 silly audit   'fast-deep-equal': [ '3.1.3' ],
185 silly audit   'use-latest-callback': [ '0.2.6' ],
185 silly audit   '@react-navigation/routers': [ '7.5.5' ],
185 silly audit   'query-string': [ '7.1.3' ],
185 silly audit   'use-sync-external-store': [ '1.6.0' ],
185 silly audit   '@react-navigation/elements': [ '2.9.19' ],
185 silly audit   color: [ '4.2.3' ],
185 silly audit   'sf-symbols-typescript': [ '2.2.0' ],
185 silly audit   'warn-once': [ '0.1.1' ],
185 silly audit   'color-string': [ '1.9.1' ],
185 silly audit   'simple-swizzle': [ '0.2.4' ],
185 silly audit   'decode-uri-component': [ '0.2.2' ],
185 silly audit   'filter-obj': [ '1.1.0' ],
185 silly audit   'split-on-first': [ '1.1.0' ],
185 silly audit   'strict-uri-encode': [ '2.0.0' ],
185 silly audit   'react-freeze': [ '1.0.4' ],
185 silly audit   'is-arrayish': [ '0.3.4' ]
185 silly audit }
186 http cache react-freeze@https://registry.npmjs.org/react-freeze/-/react-freeze-1.0.4.tgz 0ms (cache hit)
187 http cache is-arrayish@https://registry.npmjs.org/is-arrayish/-/is-arrayish-0.3.4.tgz 0ms (cache hit)
188 http cache strict-uri-encode@https://registry.npmjs.org/strict-uri-encode/-/strict-uri-encode-2.0.0.tgz 0ms (cache hit)
189 http cache filter-obj@https://registry.npmjs.org/filter-obj/-/filter-obj-1.1.0.tgz 0ms (cache hit)
190 http cache color-string@https://registry.npmjs.org/color-string/-/color-string-1.9.1.tgz 0ms (cache hit)
191 http cache warn-once@https://registry.npmjs.org/warn-once/-/warn-once-0.1.1.tgz 0ms (cache hit)
192 http cache split-on-first@https://registry.npmjs.org/split-on-first/-/split-on-first-1.1.0.tgz 0ms (cache hit)
193 http cache decode-uri-component@https://registry.npmjs.org/decode-uri-component/-/decode-uri-component-0.2.2.tgz 0ms (cache hit)
194 http cache simple-swizzle@https://registry.npmjs.org/simple-swizzle/-/simple-swizzle-0.2.4.tgz 0ms (cache hit)
195 http cache sf-symbols-typescript@https://registry.npmjs.org/sf-symbols-typescript/-/sf-symbols-typescript-2.2.0.tgz 0ms (cache hit)
196 http cache color@https://registry.npmjs.org/color/-/color-4.2.3.tgz 0ms (cache hit)
197 http cache use-sync-external-store@https://registry.npmjs.org/use-sync-external-store/-/use-sync-external-store-1.6.0.tgz 0ms (cache hit)
198 http cache query-string@https://registry.npmjs.org/query-string/-/query-string-7.1.3.tgz 0ms (cache hit)
199 http cache @react-navigation/routers@https://registry.npmjs.org/@react-navigation/routers/-/routers-7.5.5.tgz 0ms (cache hit)
200 http cache use-latest-callback@https://registry.npmjs.org/use-latest-callback/-/use-latest-callback-0.2.6.tgz 0ms (cache hit)
201 http cache fast-deep-equal@https://registry.npmjs.org/fast-deep-equal/-/fast-deep-equal-3.1.3.tgz 0ms (cache hit)
202 http cache react-native-screens@https://registry.npmjs.org/react-native-screens/-/react-native-screens-4.25.2.tgz 0ms (cache hit)
203 http cache @react-navigation/core@https://registry.npmjs.org/@react-navigation/core/-/core-7.17.5.tgz 0ms (cache hit)
204 http cache @react-navigation/native-stack@https://registry.npmjs.org/@react-navigation/native-stack/-/native-stack-7.16.0.tgz 0ms (cache hit)
205 http cache @react-navigation/elements@https://registry.npmjs.org/@react-navigation/elements/-/elements-2.9.19.tgz 0ms (cache hit)
206 http cache react-native-safe-area-context@https://registry.npmjs.org/react-native-safe-area-context/-/react-native-safe-area-context-5.8.0.tgz 0ms (cache hit)
207 http cache @react-navigation/native@https://registry.npmjs.org/@react-navigation/native/-/native-7.2.5.tgz 0ms (cache hit)
208 http cache react-is@https://registry.npmjs.org/react-is/-/react-is-19.2.7.tgz 0ms (cache hit)
209 silly tarball no local data for react-freeze@https://registry.npmjs.org/react-freeze/-/react-freeze-1.0.4.tgz. Extracting by manifest.
210 silly tarball no local data for is-arrayish@https://registry.npmjs.org/is-arrayish/-/is-arrayish-0.3.4.tgz. Extracting by manifest.
211 silly tarball no local data for strict-uri-encode@https://registry.npmjs.org/strict-uri-encode/-/strict-uri-encode-2.0.0.tgz. Extracting by manifest.
212 silly tarball no local data for filter-obj@https://registry.npmjs.org/filter-obj/-/filter-obj-1.1.0.tgz. Extracting by manifest.
213 silly tarball no local data for color-string@https://registry.npmjs.org/color-string/-/color-string-1.9.1.tgz. Extracting by manifest.
214 silly tarball no local data for warn-once@https://registry.npmjs.org/warn-once/-/warn-once-0.1.1.tgz. Extracting by manifest.
215 silly tarball no local data for split-on-first@https://registry.npmjs.org/split-on-first/-/split-on-first-1.1.0.tgz. Extracting by manifest.
216 silly tarball no local data for decode-uri-component@https://registry.npmjs.org/decode-uri-component/-/decode-uri-component-0.2.2.tgz. Extracting by manifest.
217 silly tarball no local data for simple-swizzle@https://registry.npmjs.org/simple-swizzle/-/simple-swizzle-0.2.4.tgz. Extracting by manifest.
218 silly tarball no local data for sf-symbols-typescript@https://registry.npmjs.org/sf-symbols-typescript/-/sf-symbols-typescript-2.2.0.tgz. Extracting by manifest.
219 silly tarball no local data for color@https://registry.npmjs.org/color/-/color-4.2.3.tgz. Extracting by manifest.
220 silly tarball no local data for use-sync-external-store@https://registry.npmjs.org/use-sync-external-store/-/use-sync-external-store-1.6.0.tgz. Extracting by manifest.
221 silly tarball no local data for query-string@https://registry.npmjs.org/query-string/-/query-string-7.1.3.tgz. Extracting by manifest.
222 silly tarball no local data for @react-navigation/routers@https://registry.npmjs.org/@react-navigation/routers/-/routers-7.5.5.tgz. Extracting by manifest.
223 silly tarball no local data for use-latest-callback@https://registry.npmjs.org/use-latest-callback/-/use-latest-callback-0.2.6.tgz. Extracting by manifest.
224 silly tarball no local data for fast-deep-equal@https://registry.npmjs.org/fast-deep-equal/-/fast-deep-equal-3.1.3.tgz. Extracting by manifest.
225 silly tarball no local data for react-native-screens@https://registry.npmjs.org/react-native-screens/-/react-native-screens-4.25.2.tgz. Extracting by manifest.
226 silly tarball no local data for @react-navigation/core@https://registry.npmjs.org/@react-navigation/core/-/core-7.17.5.tgz. Extracting by manifest.
227 silly tarball no local data for @react-navigation/native-stack@https://registry.npmjs.org/@react-navigation/native-stack/-/native-stack-7.16.0.tgz. Extracting by manifest.
228 silly tarball no local data for @react-navigation/elements@https://registry.npmjs.org/@react-navigation/elements/-/elements-2.9.19.tgz. Extracting by manifest.
229 silly tarball no local data for react-native-safe-area-context@https://registry.npmjs.org/react-native-safe-area-context/-/react-native-safe-area-context-5.8.0.tgz. Extracting by manifest.
230 silly tarball no local data for @react-navigation/native@https://registry.npmjs.org/@react-navigation/native/-/native-7.2.5.tgz. Extracting by manifest.
231 silly tarball no local data for react-is@https://registry.npmjs.org/react-is/-/react-is-19.2.7.tgz. Extracting by manifest.
232 http fetch GET 200 https://registry.npmjs.org/react-freeze/-/react-freeze-1.0.4.tgz 122ms (cache miss)
233 http fetch GET 200 https://registry.npmjs.org/is-arrayish/-/is-arrayish-0.3.4.tgz 121ms (cache miss)
234 http fetch GET 200 https://registry.npmjs.org/strict-uri-encode/-/strict-uri-encode-2.0.0.tgz 128ms (cache miss)
235 http fetch GET 200 https://registry.npmjs.org/decode-uri-component/-/decode-uri-component-0.2.2.tgz 127ms (cache miss)
236 http fetch GET 200 https://registry.npmjs.org/warn-once/-/warn-once-0.1.1.tgz 130ms (cache miss)
237 http fetch GET 200 https://registry.npmjs.org/filter-obj/-/filter-obj-1.1.0.tgz 132ms (cache miss)
238 http fetch GET 200 https://registry.npmjs.org/color-string/-/color-string-1.9.1.tgz 132ms (cache miss)
239 http fetch GET 200 https://registry.npmjs.org/simple-swizzle/-/simple-swizzle-0.2.4.tgz 130ms (cache miss)
240 http fetch GET 200 https://registry.npmjs.org/use-latest-callback/-/use-latest-callback-0.2.6.tgz 128ms (cache miss)
241 http fetch GET 200 https://registry.npmjs.org/split-on-first/-/split-on-first-1.1.0.tgz 133ms (cache miss)
242 http fetch GET 200 https://registry.npmjs.org/fast-deep-equal/-/fast-deep-equal-3.1.3.tgz 131ms (cache miss)
243 http fetch GET 200 https://registry.npmjs.org/react-is/-/react-is-19.2.7.tgz 128ms (cache miss)
244 http fetch GET 200 https://registry.npmjs.org/sf-symbols-typescript/-/sf-symbols-typescript-2.2.0.tgz 137ms (cache miss)
245 http fetch GET 200 https://registry.npmjs.org/color/-/color-4.2.3.tgz 139ms (cache miss)
246 http fetch GET 200 https://registry.npmjs.org/query-string/-/query-string-7.1.3.tgz 145ms (cache miss)
247 http fetch GET 200 https://registry.npmjs.org/use-sync-external-store/-/use-sync-external-store-1.6.0.tgz 151ms (cache miss)
248 http fetch GET 200 https://registry.npmjs.org/@react-navigation/native-stack/-/native-stack-7.16.0.tgz 227ms (cache miss)
249 http fetch GET 200 https://registry.npmjs.org/@react-navigation/native/-/native-7.2.5.tgz 267ms (cache miss)
250 http fetch GET 200 https://registry.npmjs.org/react-native-safe-area-context/-/react-native-safe-area-context-5.8.0.tgz 285ms (cache miss)
251 http fetch POST 200 https://registry.npmjs.org/-/npm/v1/security/advisories/bulk 346ms
252 silly audit report {
252 silly audit report   uuid: [
252 silly audit report     {
252 silly audit report       id: 1119441,
252 silly audit report       url: 'https://github.com/advisories/GHSA-w5hq-g745-h8pq',
252 silly audit report       title: 'uuid: Missing buffer bounds check in v3/v5/v6 when buf is provided',
252 silly audit report       severity: 'moderate',
252 silly audit report       vulnerable_versions: '<11.1.1',
252 silly audit report       cwe: [Array],
252 silly audit report       cvss: [Object]
252 silly audit report     }
252 silly audit report   ]
252 silly audit report }
253 silly packumentCache corgi:https://registry.npmjs.org/uuid cache-miss
254 http fetch GET 200 https://registry.npmjs.org/uuid 34ms (cache miss)
255 silly packumentCache corgi:https://registry.npmjs.org/uuid set size:undefined disposed:false
256 silly packumentCache corgi:https://registry.npmjs.org/xcode cache-miss
257 http fetch GET 200 https://registry.npmjs.org/xcode 95ms (cache miss)
258 silly packumentCache corgi:https://registry.npmjs.org/xcode set size:undefined disposed:false
259 http fetch GET 200 https://registry.npmjs.org/@react-navigation/routers/-/routers-7.5.5.tgz 549ms (cache miss)
260 silly packumentCache corgi:https://registry.npmjs.org/@expo%2fconfig-plugins cache-miss
261 http fetch GET 200 https://registry.npmjs.org/@react-navigation/elements/-/elements-2.9.19.tgz 627ms (cache miss)
262 http fetch GET 200 https://registry.npmjs.org/@react-navigation/core/-/core-7.17.5.tgz 702ms (cache miss)
263 http fetch GET 200 https://registry.npmjs.org/@expo%2fconfig-plugins 365ms (cache miss)
264 silly packumentCache corgi:https://registry.npmjs.org/@expo%2fconfig-plugins set size:undefined disposed:false
265 silly packumentCache corgi:https://registry.npmjs.org/@expo%2fconfig cache-miss
266 silly packumentCache corgi:https://registry.npmjs.org/@expo%2finline-modules cache-miss
267 silly packumentCache corgi:https://registry.npmjs.org/@expo%2fprebuild-config cache-miss
268 silly packumentCache corgi:https://registry.npmjs.org/expo cache-miss
269 silly packumentCache corgi:https://registry.npmjs.org/@expo%2fcli cache-miss
270 http fetch GET 200 https://registry.npmjs.org/@expo%2finline-modules 49ms (cache miss)
271 silly packumentCache corgi:https://registry.npmjs.org/@expo%2finline-modules set size:undefined disposed:false
272 http fetch GET 200 https://registry.npmjs.org/@expo%2fconfig 76ms (cache miss)
273 silly packumentCache corgi:https://registry.npmjs.org/@expo%2fconfig set size:undefined disposed:false
274 http fetch GET 200 https://registry.npmjs.org/@expo%2fcli 164ms (cache miss)
275 silly packumentCache corgi:https://registry.npmjs.org/@expo%2fcli set size:undefined disposed:false
276 http fetch GET 200 https://registry.npmjs.org/expo 238ms (cache miss)
277 silly packumentCache corgi:https://registry.npmjs.org/expo set size:undefined disposed:false
278 http fetch GET 200 https://registry.npmjs.org/@expo%2fprebuild-config 298ms (cache miss)
279 silly packumentCache corgi:https://registry.npmjs.org/@expo%2fprebuild-config set size:undefined disposed:false
280 silly packumentCache corgi:https://registry.npmjs.org/@expo%2flocal-build-cache-provider cache-miss
281 silly packumentCache corgi:https://registry.npmjs.org/@expo%2fmetro-config cache-miss
282 http fetch GET 200 https://registry.npmjs.org/@expo%2flocal-build-cache-provider 181ms (cache miss)
283 silly packumentCache corgi:https://registry.npmjs.org/@expo%2flocal-build-cache-provider set size:undefined disposed:false
284 http fetch GET 200 https://registry.npmjs.org/@expo%2fmetro-config 204ms (cache miss)
285 silly packumentCache corgi:https://registry.npmjs.org/@expo%2fmetro-config set size:undefined disposed:false
286 silly packumentCache corgi:https://registry.npmjs.org/expo-status-bar cache-miss
287 silly packumentCache corgi:https://registry.npmjs.org/@expo%2frouter-server cache-miss
288 silly packumentCache corgi:https://registry.npmjs.org/@expo%2fdom-webview cache-miss
289 silly packumentCache corgi:https://registry.npmjs.org/@expo%2flog-box cache-miss
290 silly packumentCache corgi:https://registry.npmjs.org/babel-preset-expo cache-miss
291 silly packumentCache corgi:https://registry.npmjs.org/expo-asset cache-miss
292 silly packumentCache corgi:https://registry.npmjs.org/expo-constants cache-miss
293 silly packumentCache corgi:https://registry.npmjs.org/expo-file-system cache-miss
294 silly packumentCache corgi:https://registry.npmjs.org/expo-font cache-miss
295 silly packumentCache corgi:https://registry.npmjs.org/expo-keep-awake cache-miss
296 http fetch GET 200 https://registry.npmjs.org/expo-font 231ms (cache miss)
297 silly packumentCache corgi:https://registry.npmjs.org/expo-font set size:undefined disposed:false
298 http fetch GET 200 https://registry.npmjs.org/expo-status-bar 312ms (cache miss)
299 silly packumentCache corgi:https://registry.npmjs.org/expo-status-bar set size:undefined disposed:false
300 http fetch GET 200 https://registry.npmjs.org/expo-asset 341ms (cache miss)
301 silly packumentCache corgi:https://registry.npmjs.org/expo-asset set size:undefined disposed:false
302 http fetch GET 200 https://registry.npmjs.org/expo-constants 402ms (cache miss)
303 silly packumentCache corgi:https://registry.npmjs.org/expo-constants set size:undefined disposed:false
304 http fetch GET 200 https://registry.npmjs.org/expo-file-system 436ms (cache miss)
305 silly packumentCache corgi:https://registry.npmjs.org/expo-file-system set size:undefined disposed:false
306 http fetch GET 200 https://registry.npmjs.org/expo-keep-awake 469ms (cache miss)
307 silly packumentCache corgi:https://registry.npmjs.org/expo-keep-awake set size:undefined disposed:false
308 http fetch GET 200 https://registry.npmjs.org/@expo%2frouter-server 489ms (cache miss)
309 silly packumentCache corgi:https://registry.npmjs.org/@expo%2frouter-server set size:undefined disposed:false
310 http fetch GET 200 https://registry.npmjs.org/@expo%2flog-box 493ms (cache miss)
311 silly packumentCache corgi:https://registry.npmjs.org/@expo%2flog-box set size:undefined disposed:false
312 http fetch GET 200 https://registry.npmjs.org/@expo%2fdom-webview 500ms (cache miss)
313 silly packumentCache corgi:https://registry.npmjs.org/@expo%2fdom-webview set size:undefined disposed:false
314 http fetch GET 200 https://registry.npmjs.org/babel-preset-expo 519ms (cache miss)
315 silly packumentCache corgi:https://registry.npmjs.org/babel-preset-expo set size:undefined disposed:false
316 http fetch GET 200 https://registry.npmjs.org/react-native-screens/-/react-native-screens-4.25.2.tgz 2613ms (cache miss)
317 silly ADD node_modules/is-arrayish
318 silly ADD node_modules/react-freeze
319 silly ADD node_modules/strict-uri-encode
320 silly ADD node_modules/split-on-first
321 silly ADD node_modules/filter-obj
322 silly ADD node_modules/decode-uri-component
323 silly ADD node_modules/simple-swizzle
324 silly ADD node_modules/color-string
325 silly ADD node_modules/warn-once
326 silly ADD node_modules/sf-symbols-typescript
327 silly ADD node_modules/color
328 silly ADD node_modules/@react-navigation/elements
329 silly ADD node_modules/use-sync-external-store
330 silly ADD node_modules/query-string
331 silly ADD node_modules/@react-navigation/routers
332 silly ADD node_modules/use-latest-callback
333 silly ADD node_modules/fast-deep-equal
334 silly ADD node_modules/@react-navigation/core
335 silly ADD node_modules/@react-navigation/core/node_modules/react-is
336 silly ADD node_modules/react-native-screens
337 silly ADD node_modules/react-native-safe-area-context
338 silly ADD node_modules/@react-navigation/native-stack
339 silly ADD node_modules/@react-navigation/native
340 verbose cwd /Users/apple/trustdriveApp/mobile
341 verbose os Darwin 24.6.0
342 verbose node v25.2.1
343 verbose npm  v11.6.2
344 notice
344 notice New minor version of npm available! 11.6.2 -> 11.16.0
344 notice Changelog: https://github.com/npm/cli/releases/tag/v11.16.0
344 notice To update run: npm install -g npm@11.16.0
344 notice  { force: true, Symbol(proc-log.meta): true }
345 verbose exit 0
346 info ok
