0 verbose cli /usr/local/Cellar/node/25.2.1/bin/node /usr/local/lib/node_modules/npm/bin/npm-cli.js
1 info using npm@11.6.2
2 info using node@v25.2.1
3 silly config load:file:/usr/local/lib/node_modules/npm/npmrc
4 silly config load:file:/Users/apple/trustdriveApp/.npmrc
5 silly config load:file:/Users/apple/.npmrc
6 silly config load:file:/Users/apple/trustdriveApp/.npm-local/etc/npmrc
7 verbose title npm exec create-expo-app@latest
8 verbose argv "exec" "--" "create-expo-app@latest"
9 verbose logfile logs-max:10 dir:/Users/apple/trustdriveApp/.npm-cache/_logs/2026-06-03T12_52_58_811Z-
10 verbose logfile /Users/apple/trustdriveApp/.npm-cache/_logs/2026-06-03T12_52_58_811Z-debug-0.log
11 silly logfile done cleaning log files
12 silly packumentCache heap:4496293888 maxSize:1124073472 maxEntrySize:562036736
13 http fetch GET 200 https://registry.npmjs.org/create-expo-app 198ms (cache revalidated)
14 silly packumentCache heap:4496293888 maxSize:1124073472 maxEntrySize:562036736
15 verbose Could not read global path /Users/apple/trustdriveApp/.npm-local/lib, ignoring
16 silly packumentCache heap:4496293888 maxSize:1124073472 maxEntrySize:562036736
17 silly idealTree buildDeps
18 silly fetch manifest create-expo-app@4.0.0
19 silly packumentCache full:https://registry.npmjs.org/create-expo-app cache-miss
20 http fetch GET 200 https://registry.npmjs.org/create-expo-app 36ms (cache revalidated)
21 silly packumentCache full:https://registry.npmjs.org/create-expo-app set size:185091 disposed:false
22 silly placeDep ROOT create-expo-app@4.0.0 OK for:  want: 4.0.0
23 silly reify moves {}
24 silly audit bulk request { 'create-expo-app': [ '4.0.0' ] }
25 http cache create-expo-app@https://registry.npmjs.org/create-expo-app/-/create-expo-app-4.0.0.tgz 0ms (cache hit)
26 http fetch POST 200 https://registry.npmjs.org/-/npm/v1/security/advisories/bulk 404ms
27 silly audit report {}
28 verbose cwd /Users/apple/trustdriveApp
29 verbose os Darwin 24.6.0
30 verbose node v25.2.1
31 verbose npm  v11.6.2
32 verbose exit 0
33 info ok
