0 verbose cli /usr/local/Cellar/node/25.2.1/bin/node /usr/local/bin/npm
1 info using npm@11.6.2
2 info using node@v25.2.1
3 silly config load:file:/usr/local/lib/node_modules/npm/npmrc
4 silly config load:file:/private/var/folders/r1/35lsdc0s29ddr1hnwhv0jpcm0000gn/T/.create-expo-app/template-cache/.npmrc
5 silly config load:file:/Users/apple/.npmrc
6 silly config load:file:/Users/apple/trustdriveApp/.npm-local/etc/npmrc
7 verbose title npm pack expo-template-default@sdk-56
8 verbose argv "pack" "expo-template-default@sdk-56" "--dry-run" "--json"
9 verbose logfile logs-max:10 dir:/Users/apple/trustdriveApp/.npm-cache/_logs/2026-06-03T13_02_25_124Z-
10 verbose logfile /Users/apple/trustdriveApp/.npm-cache/_logs/2026-06-03T13_02_25_124Z-debug-0.log
11 silly logfile start cleaning logs, removing 1 files
12 silly logfile done cleaning log files
13 http cache https://registry.npmjs.org/expo-template-default 22ms (cache hit)
14 http cache https://registry.npmjs.org/expo-template-default 6ms (cache hit)
15 http cache https://registry.npmjs.org/expo-template-default/-/expo-template-default-56.0.22.tgz 0ms (cache hit)
16 verbose cwd /private/var/folders/r1/35lsdc0s29ddr1hnwhv0jpcm0000gn/T/.create-expo-app/template-cache
17 verbose os Darwin 24.6.0
18 verbose node v25.2.1
19 verbose npm  v11.6.2
20 verbose exit 0
21 info ok
