0 verbose cli /usr/local/Cellar/node/25.2.1/bin/node /usr/local/bin/npm
1 info using npm@11.6.2
2 info using node@v25.2.1
3 silly config load:file:/usr/local/lib/node_modules/npm/npmrc
4 silly config load:file:/private/var/folders/r1/35lsdc0s29ddr1hnwhv0jpcm0000gn/T/.create-expo-app/template-cache/.npmrc
5 silly config load:file:/Users/apple/.npmrc
6 silly config load:file:/Users/apple/trustdriveApp/.npm-local/etc/npmrc
7 verbose title npm pack expo-template-default@sdk-56
8 verbose argv "pack" "expo-template-default@sdk-56" "--json"
9 verbose logfile logs-max:10 dir:/Users/apple/trustdriveApp/.npm-cache/_logs/2026-06-03T12_58_52_452Z-
10 verbose logfile /Users/apple/trustdriveApp/.npm-cache/_logs/2026-06-03T12_58_52_452Z-debug-0.log
11 silly logfile done cleaning log files
12 http cache https://registry.npmjs.org/expo-template-default 20ms (cache hit)
13 http cache https://registry.npmjs.org/expo-template-default 5ms (cache hit)
14 http cache https://registry.npmjs.org/expo-template-default/-/expo-template-default-56.0.22.tgz 0ms (cache hit)
15 verbose cwd /private/var/folders/r1/35lsdc0s29ddr1hnwhv0jpcm0000gn/T/.create-expo-app/template-cache
16 verbose os Darwin 24.6.0
17 verbose node v25.2.1
18 verbose npm  v11.6.2
19 verbose exit 0
20 info ok
