0 verbose cli /usr/local/Cellar/node/25.2.1/bin/node /usr/local/lib/node_modules/npm/bin/npm-cli.js
1 info using npm@11.6.2
2 info using node@v25.2.1
3 silly config load:file:/usr/local/lib/node_modules/npm/npmrc
4 silly config load:file:/Users/apple/trustdriveApp/.npmrc
5 silly config load:file:/Users/apple/.npmrc
6 silly config load:file:/Users/apple/trustdriveApp/.npm-local/etc/npmrc
7 verbose title npm exec create-expo-app@latest
8 verbose argv "exec" "--" "create-expo-app@latest"
9 verbose logfile logs-max:10 dir:/Users/apple/trustdriveApp/.npm-cache/_logs/2026-06-03T13_01_11_693Z-
10 verbose logfile /Users/apple/trustdriveApp/.npm-cache/_logs/2026-06-03T13_01_11_693Z-debug-0.log
11 silly logfile start cleaning logs, removing 1 files
12 silly logfile done cleaning log files
13 silly packumentCache heap:4496293888 maxSize:1124073472 maxEntrySize:562036736
14 http fetch GET 200 https://registry.npmjs.org/create-expo-app 118ms (cache revalidated)
15 silly packumentCache heap:4496293888 maxSize:1124073472 maxEntrySize:562036736
16 verbose Could not read global path /Users/apple/trustdriveApp/.npm-local/lib, ignoring
17 silly packumentCache heap:4496293888 maxSize:1124073472 maxEntrySize:562036736
18 verbose cwd /Users/apple/trustdriveApp
19 verbose os Darwin 24.6.0
20 verbose node v25.2.1
21 verbose npm  v11.6.2
22 verbose exit 0
23 info ok
